<?xml version="1.0" encoding="UTF-8"?>
<!-- Generated by org.testng.reporters.JUnitXMLReporter -->
<testsuite ignored="0" hostname="DESKTOP-PSCOAQG" failures="0" tests="3" name="HomePageTest" time="6.994" errors="0" timestamp="2026-01-15T00:09:06 IST">
  <testcase classname="com.CRM.TestCases.HomePageTestCase" name="verifyUrl" time="0.032"/>
  <testcase classname="com.CRM.TestCases.HomePageTestCase" name="verifyTitle" time="0.023"/>
  <testcase classname="com.CRM.TestCases.HomePageTestCase" name="validateSignIn" time="1.299"/>
</testsuite> <!-- HomePageTest -->
