<?xml version="1.0" encoding="UTF-8"?>
<!-- Generated by org.testng.reporters.JUnitXMLReporter -->
<testsuite ignored="0" hostname="DESKTOP-PSCOAQG" failures="0" tests="3" name="HomePageTest" time="58.141" errors="0" timestamp="2026-01-16T13:14:24 IST">
  <testcase classname="com.CRM.TestCases.HomePageTestCase" name="verifyUrl" time="0.066"/>
  <testcase classname="com.CRM.TestCases.HomePageTestCase" name="verifyTitle" time="0.02"/>
  <testcase classname="com.CRM.TestCases.HomePageTestCase" name="validateSignIn" time="3.738"/>
</testsuite> <!-- HomePageTest -->
