<?xml version="1.0" encoding="UTF-8"?>
<!-- Generated by org.testng.reporters.JUnitXMLReporter -->
<testsuite ignored="0" hostname="DESKTOP-PSCOAQG" failures="0" tests="3" name="HomePageTest" time="16.472" errors="0" timestamp="2026-01-15T13:27:29 IST">
  <testcase classname="com.CRM.TestCases.HomePageTestCase" name="verifyUrl" time="0.04"/>
  <testcase classname="com.CRM.TestCases.HomePageTestCase" name="verifyTitle" time="0.019"/>
  <testcase classname="com.CRM.TestCases.HomePageTestCase" name="validateSignIn" time="1.697"/>
</testsuite> <!-- HomePageTest -->
