<?xml version="1.0" encoding="UTF-8"?>
<testng-results ignored="0" total="4" passed="4" failed="0" skipped="0">
  <reporter-output>
  </reporter-output>
  <suite started-at="2026-01-15T13:27:12 IST" name="Suite" finished-at="2026-01-15T13:27:37 IST" duration-ms="24499">
    <groups>
    </groups>
    <test started-at="2026-01-15T13:27:12 IST" name="HomePageTest" finished-at="2026-01-15T13:27:29 IST" duration-ms="16472">
      <class name="com.CRM.TestCases.HomePageTestCase">
        <test-method is-config="true" signature="setUp()[pri:0, instance:com.CRM.TestCases.HomePageTestCase@18ce0030]" started-at="2026-01-15T13:27:12 IST" name="setUp" finished-at="2026-01-15T13:27:27 IST" duration-ms="14606" status="PASS">
          <reporter-output>
          </reporter-output>
        </test-method> <!-- setUp -->
        <test-method signature="verifyUrl()[pri:1, instance:com.CRM.TestCases.HomePageTestCase@18ce0030]" started-at="2026-01-15T13:27:27 IST" name="verifyUrl" finished-at="2026-01-15T13:27:27 IST" duration-ms="40" status="PASS">
          <reporter-output>
          </reporter-output>
        </test-method> <!-- verifyUrl -->
        <test-method signature="verifyTitle()[pri:2, instance:com.CRM.TestCases.HomePageTestCase@18ce0030]" started-at="2026-01-15T13:27:27 IST" name="verifyTitle" finished-at="2026-01-15T13:27:27 IST" duration-ms="19" status="PASS">
          <reporter-output>
          </reporter-output>
        </test-method> <!-- verifyTitle -->
        <test-method signature="validateSignIn()[pri:3, instance:com.CRM.TestCases.HomePageTestCase@18ce0030]" started-at="2026-01-15T13:27:27 IST" name="validateSignIn" finished-at="2026-01-15T13:27:29 IST" duration-ms="1697" status="PASS">
          <reporter-output>
          </reporter-output>
        </test-method> <!-- validateSignIn -->
      </class> <!-- com.CRM.TestCases.HomePageTestCase -->
    </test> <!-- HomePageTest -->
    <test started-at="2026-01-15T13:27:29 IST" name="LoginPageTest" finished-at="2026-01-15T13:27:37 IST" duration-ms="7798">
      <class name="com.CRM.TestCases.LoginPageTestCase">
        <test-method is-config="true" signature="setUp()[pri:0, instance:com.CRM.TestCases.LoginPageTestCase@4ddced80]" started-at="2026-01-15T13:27:29 IST" name="setUp" finished-at="2026-01-15T13:27:33 IST" duration-ms="3527" status="PASS">
          <reporter-output>
          </reporter-output>
        </test-method> <!-- setUp -->
        <test-method is-config="true" signature="pageSetUp()[pri:0, instance:com.CRM.TestCases.LoginPageTestCase@4ddced80]" started-at="2026-01-15T13:27:33 IST" name="pageSetUp" finished-at="2026-01-15T13:27:34 IST" duration-ms="1436" status="PASS">
          <reporter-output>
          </reporter-output>
        </test-method> <!-- pageSetUp -->
        <test-method signature="validateLogin()[pri:0, instance:com.CRM.TestCases.LoginPageTestCase@4ddced80]" started-at="2026-01-15T13:27:34 IST" name="validateLogin" finished-at="2026-01-15T13:27:37 IST" duration-ms="2835" status="PASS">
          <reporter-output>
          </reporter-output>
        </test-method> <!-- validateLogin -->
      </class> <!-- com.CRM.TestCases.LoginPageTestCase -->
    </test> <!-- LoginPageTest -->
  </suite> <!-- Suite -->
</testng-results>
