<?xml version="1.0" encoding="UTF-8"?>
<testng-results ignored="0" total="4" passed="4" failed="0" skipped="0">
  <reporter-output>
  </reporter-output>
  <suite started-at="2026-01-15T00:08:59 IST" name="Suite" finished-at="2026-01-15T00:09:13 IST" duration-ms="13794">
    <groups>
    </groups>
    <test started-at="2026-01-15T00:08:59 IST" name="HomePageTest" finished-at="2026-01-15T00:09:06 IST" duration-ms="6994">
      <class name="com.CRM.TestCases.HomePageTestCase">
        <test-method is-config="true" signature="setUp()[pri:0, instance:com.CRM.TestCases.HomePageTestCase@1283bb96]" started-at="2026-01-15T00:08:59 IST" name="setUp" finished-at="2026-01-15T00:09:05 IST" duration-ms="5574" status="PASS">
          <reporter-output>
          </reporter-output>
        </test-method> <!-- setUp -->
        <test-method signature="verifyUrl()[pri:1, instance:com.CRM.TestCases.HomePageTestCase@1283bb96]" started-at="2026-01-15T00:09:05 IST" name="verifyUrl" finished-at="2026-01-15T00:09:05 IST" duration-ms="32" status="PASS">
          <reporter-output>
          </reporter-output>
        </test-method> <!-- verifyUrl -->
        <test-method signature="verifyTitle()[pri:2, instance:com.CRM.TestCases.HomePageTestCase@1283bb96]" started-at="2026-01-15T00:09:05 IST" name="verifyTitle" finished-at="2026-01-15T00:09:05 IST" duration-ms="23" status="PASS">
          <reporter-output>
          </reporter-output>
        </test-method> <!-- verifyTitle -->
        <test-method signature="validateSignIn()[pri:3, instance:com.CRM.TestCases.HomePageTestCase@1283bb96]" started-at="2026-01-15T00:09:05 IST" name="validateSignIn" finished-at="2026-01-15T00:09:06 IST" duration-ms="1299" status="PASS">
          <reporter-output>
          </reporter-output>
        </test-method> <!-- validateSignIn -->
      </class> <!-- com.CRM.TestCases.HomePageTestCase -->
    </test> <!-- HomePageTest -->
    <test started-at="2026-01-15T00:09:06 IST" name="LoginPageTest" finished-at="2026-01-15T00:09:13 IST" duration-ms="6645">
      <class name="com.CRM.TestCases.LoginPageTestCase">
        <test-method is-config="true" signature="setUp()[pri:0, instance:com.CRM.TestCases.LoginPageTestCase@62379589]" started-at="2026-01-15T00:09:06 IST" name="setUp" finished-at="2026-01-15T00:09:10 IST" duration-ms="3486" status="PASS">
          <reporter-output>
          </reporter-output>
        </test-method> <!-- setUp -->
        <test-method is-config="true" signature="pageSetUp()[pri:0, instance:com.CRM.TestCases.LoginPageTestCase@62379589]" started-at="2026-01-15T00:09:10 IST" name="pageSetUp" finished-at="2026-01-15T00:09:11 IST" duration-ms="1397" status="PASS">
          <reporter-output>
          </reporter-output>
        </test-method> <!-- pageSetUp -->
        <test-method signature="validateLogin()[pri:0, instance:com.CRM.TestCases.LoginPageTestCase@62379589]" started-at="2026-01-15T00:09:11 IST" name="validateLogin" finished-at="2026-01-15T00:09:13 IST" duration-ms="1756" status="PASS">
          <reporter-output>
          </reporter-output>
        </test-method> <!-- validateLogin -->
      </class> <!-- com.CRM.TestCases.LoginPageTestCase -->
    </test> <!-- LoginPageTest -->
  </suite> <!-- Suite -->
</testng-results>
