<?xml version="1.0" encoding="UTF-8"?>
<testng-results ignored="0" total="4" passed="4" failed="0" skipped="0">
  <reporter-output>
  </reporter-output>
  <suite started-at="2026-01-16T13:13:25 IST" name="Suite" finished-at="2026-01-16T13:14:39 IST" duration-ms="73848">
    <groups>
    </groups>
    <test started-at="2026-01-16T13:13:25 IST" name="HomePageTest" finished-at="2026-01-16T13:14:23 IST" duration-ms="58141">
      <class name="com.CRM.TestCases.HomePageTestCase">
        <test-method is-config="true" signature="setUp()[pri:0, instance:com.CRM.TestCases.HomePageTestCase@1283bb96]" started-at="2026-01-16T13:13:25 IST" name="setUp" finished-at="2026-01-16T13:14:20 IST" duration-ms="54228" status="PASS">
          <reporter-output>
          </reporter-output>
        </test-method> <!-- setUp -->
        <test-method signature="verifyUrl()[pri:1, instance:com.CRM.TestCases.HomePageTestCase@1283bb96]" started-at="2026-01-16T13:14:20 IST" name="verifyUrl" finished-at="2026-01-16T13:14:20 IST" duration-ms="66" status="PASS">
          <reporter-output>
          </reporter-output>
        </test-method> <!-- verifyUrl -->
        <test-method signature="verifyTitle()[pri:2, instance:com.CRM.TestCases.HomePageTestCase@1283bb96]" started-at="2026-01-16T13:14:20 IST" name="verifyTitle" finished-at="2026-01-16T13:14:20 IST" duration-ms="20" status="PASS">
          <reporter-output>
          </reporter-output>
        </test-method> <!-- verifyTitle -->
        <test-method signature="validateSignIn()[pri:3, instance:com.CRM.TestCases.HomePageTestCase@1283bb96]" started-at="2026-01-16T13:14:20 IST" name="validateSignIn" finished-at="2026-01-16T13:14:23 IST" duration-ms="3738" status="PASS">
          <reporter-output>
          </reporter-output>
        </test-method> <!-- validateSignIn -->
      </class> <!-- com.CRM.TestCases.HomePageTestCase -->
    </test> <!-- HomePageTest -->
    <test started-at="2026-01-16T13:14:25 IST" name="LoginPageTest" finished-at="2026-01-16T13:14:39 IST" duration-ms="14640">
      <class name="com.CRM.TestCases.LoginPageTestCase">
        <test-method is-config="true" signature="setUp()[pri:0, instance:com.CRM.TestCases.LoginPageTestCase@62379589]" started-at="2026-01-16T13:14:25 IST" name="setUp" finished-at="2026-01-16T13:14:34 IST" duration-ms="9902" status="PASS">
          <reporter-output>
          </reporter-output>
        </test-method> <!-- setUp -->
        <test-method is-config="true" signature="pageSetUp()[pri:0, instance:com.CRM.TestCases.LoginPageTestCase@62379589]" started-at="2026-01-16T13:14:34 IST" name="pageSetUp" finished-at="2026-01-16T13:14:36 IST" duration-ms="1494" status="PASS">
          <reporter-output>
          </reporter-output>
        </test-method> <!-- pageSetUp -->
        <test-method signature="validateLogin()[pri:0, instance:com.CRM.TestCases.LoginPageTestCase@62379589]" started-at="2026-01-16T13:14:36 IST" name="validateLogin" finished-at="2026-01-16T13:14:39 IST" duration-ms="3237" status="PASS">
          <reporter-output>
          </reporter-output>
        </test-method> <!-- validateLogin -->
      </class> <!-- com.CRM.TestCases.LoginPageTestCase -->
    </test> <!-- LoginPageTest -->
  </suite> <!-- Suite -->
</testng-results>
