<?xml version="1.0" encoding="UTF-8"?>
<!-- Generated by org.testng.reporters.JUnitReportReporter -->
<testsuite hostname="DESKTOP-PSCOAQG" failures="0" tests="3" name="com.CRM.TestCases.HomePageTestCase" time="1.354" errors="0" timestamp="2026-01-15T00:09:15 IST" skipped="0">
  <testcase classname="com.CRM.TestCases.HomePageTestCase" name="verifyUrl" time="0.032"/>
  <system-out/>
  <testcase classname="com.CRM.TestCases.HomePageTestCase" name="verifyTitle" time="0.023"/>
  <system-out/>
  <testcase classname="com.CRM.TestCases.HomePageTestCase" name="validateSignIn" time="1.299"/>
  <system-out/>
</testsuite> <!-- com.CRM.TestCases.HomePageTestCase -->
