<?xml version="1.0" encoding="UTF-8"?>
<!-- Generated by org.testng.reporters.JUnitReportReporter -->
<testsuite hostname="DESKTOP-PSCOAQG" failures="0" tests="3" name="com.CRM.TestCases.HomePageTestCase" time="3.824" errors="0" timestamp="2026-01-16T13:14:42 IST" skipped="0">
  <testcase classname="com.CRM.TestCases.HomePageTestCase" name="verifyUrl" time="0.066"/>
  <system-out/>
  <testcase classname="com.CRM.TestCases.HomePageTestCase" name="verifyTitle" time="0.020"/>
  <system-out/>
  <testcase classname="com.CRM.TestCases.HomePageTestCase" name="validateSignIn" time="3.738"/>
  <system-out/>
</testsuite> <!-- com.CRM.TestCases.HomePageTestCase -->
