<?xml version="1.0" encoding="UTF-8"?>
<!-- Generated by org.testng.reporters.JUnitReportReporter -->
<testsuite hostname="DESKTOP-PSCOAQG" failures="0" tests="3" name="com.CRM.TestCases.HomePageTestCase" time="1.756" errors="0" timestamp="2026-01-15T13:27:38 IST" skipped="0">
  <testcase classname="com.CRM.TestCases.HomePageTestCase" name="verifyUrl" time="0.040"/>
  <system-out/>
  <testcase classname="com.CRM.TestCases.HomePageTestCase" name="verifyTitle" time="0.019"/>
  <system-out/>
  <testcase classname="com.CRM.TestCases.HomePageTestCase" name="validateSignIn" time="1.697"/>
  <system-out/>
</testsuite> <!-- com.CRM.TestCases.HomePageTestCase -->
